Starting project at /app
React Compiler enabled
Starting Metro Bundler
The following packages should be updated for best compatibility with the installed expo version:
  expo@54.0.32 - expected version: ~54.0.33
  expo-glass-effect@0.1.8 - expected version: ~0.1.9
  expo-router@6.0.22 - expected version: ~6.0.23
  react-native-keyboard-controller@1.20.6 - expected version: 1.18.5
Your project may not work correctly until you install the expected versions of the packages.
Waiting on http://localhost:8081
Logs for your project will appear below.
Web node_modules/expo-router/entry.js ░░░░░░░░░░░░░░░░  0.0% (0/1)
Web Bundled 1952ms node_modules/expo-router/entry.js (1403 modules)
 LOG  [web] Logs will appear in the browser console
Web node_modules/expo-router/entry.js ░░░░░░░░░░░░░░░░  0.0% (0/1)
Web Bundled 90ms node_modules/expo-router/entry.js (1 module)
 LOG  [web] Logs will appear in the browser console
Web node_modules/expo-router/entry.js ░░░░░░░░░░░░░░░░  0.0% (0/1)
Web Bundled 85ms node_modules/expo-router/entry.js (1 module)
 LOG  [web] Logs will appear in the browser console
